<?xml version="1.0" encoding="UTF-8"?>
<!-- Generated by org.testng.reporters.JUnitXMLReporter -->
<testsuite ignored="0" hostname="Venkatramanas-MacBook-Air.local" failures="0" tests="1" name="Pixel2XL" time="6.428" errors="0" timestamp="2023-04-15T17:55:31 GMT-04:00">
  <testcase classname="com.qa.runners.RunnerBase" name="@BeforeClass setUpClass" time="6.37">
    <failure type="io.appium.java_client.service.local.InvalidServerInstanceException" message="The main Appium script does not exist at &amp;apos;/Users/venkat/Documents/learngit/LEARNGIT/appium-cucumberbdd-testng-master/appium/build/lib/main.js&amp;apos;">
      <![CDATA[io.appium.java_client.service.local.InvalidServerInstanceException: The main Appium script does not exist at '/Users/venkat/Documents/learngit/LEARNGIT/appium-cucumberbdd-testng-master/appium/build/lib/main.js'
at io.appium.java_client.service.local.AppiumServiceBuilder.findMainScript(AppiumServiceBuilder.java:163)
at io.appium.java_client.service.local.AppiumServiceBuilder.loadPathToMainScript(AppiumServiceBuilder.java:317)
at io.appium.java_client.service.local.AppiumServiceBuilder.createArgs(AppiumServiceBuilder.java:373)
at org.openqa.selenium.remote.service.DriverService$Builder.build(DriverService.java:358)
at io.appium.java_client.service.local.AppiumDriverLocalService.buildService(AppiumDriverLocalService.java:91)
at com.qa.utils.ServerManager.WindowsGetAppiumService(ServerManager.java:38)
at com.qa.utils.ServerManager.startServer(ServerManager.java:21)
at com.qa.runners.RunnerBase.setUpClass(RunnerBase.java:49)
at java.base/java.util.ArrayList.forEach(ArrayList.java:1511)
at java.base/java.util.concurrent.FutureTask.run(FutureTask.java:264)
at java.base/java.util.concurrent.ThreadPoolExecutor.runWorker(ThreadPoolExecutor.java:1136)
at java.base/java.util.concurrent.ThreadPoolExecutor$Worker.run(ThreadPoolExecutor.java:635)
at java.base/java.lang.Thread.run(Thread.java:833)
... Removed 16 stack frames]]>
    </failure>
  </testcase> <!-- @BeforeClass setUpClass -->
  <testcase classname="com.qa.runners.RunnerBase" name="@AfterClass tearDownClass" time="0.0">
    <failure type="java.lang.NullPointerException" message="Cannot invoke &amp;quot;io.cucumber.testng.TestNGCucumberRunner.finish()&amp;quot; because the return value of &amp;quot;com.qa.runners.RunnerBase.getRunner()&amp;quot; is null">
      <![CDATA[java.lang.NullPointerException: Cannot invoke "io.cucumber.testng.TestNGCucumberRunner.finish()" because the return value of "com.qa.runners.RunnerBase.getRunner()" is null
at com.qa.runners.RunnerBase.tearDownClass(RunnerBase.java:77)
at java.base/java.util.ArrayList.forEach(ArrayList.java:1511)
at java.base/java.util.concurrent.FutureTask.run(FutureTask.java:264)
at java.base/java.util.concurrent.ThreadPoolExecutor.runWorker(ThreadPoolExecutor.java:1136)
at java.base/java.util.concurrent.ThreadPoolExecutor$Worker.run(ThreadPoolExecutor.java:635)
at java.base/java.lang.Thread.run(Thread.java:833)
... Removed 16 stack frames]]>
    </failure>
  </testcase> <!-- @AfterClass tearDownClass -->
  <testcase classname="com.qa.runners.RunnerBase" name="scenario" time="0.0">
    <skipped/>
  </testcase> <!-- scenario -->
</testsuite> <!-- Pixel2XL -->
